[Round 0 0 12,Round 19 2 13,Round 13 3 14]
[Round 1 1 12,Round 1 3 12,Round 1 5 9,Round 1 4 7]
[Round 1 0 0,Round 15 0 12,Round 10 1 2,Round 3 1 9]
[Round 0 5 6,Round 6 6 2,Round 5 0 11,Round 11 6 7,Round 10 4 0,Round 7 1 13]
[Round 1 10 2,Round 3 4 4,Round 5 5 0]
[Round 14 1 6,Round 5 0 9,Round 14 0 12]
[Round 9 1 8,Round 6 1 9,Round 19 1 15]
[Round 9 7 2,Round 6 17 0,Round 18 16 2,Round 10 14 0]
[Round 11 9 1,Round 8 9 1,Round 16 9 4,Round 6 8 3,Round 11 8 3,Round 11 0 2]
[Round 0 8 14,Round 1 9 6,Round 1 4 6,Round 0 16 9]
[Round 1 6 11,Round 1 10 0,Round 1 2 7]
[Round 2 3 5,Round 4 16 14,Round 4 8 14]
[Round 5 2 12,Round 1 2 9,Round 1 3 2,Round 3 3 7,Round 2 0 13,Round 1 2 10]
[Round 1 2 5,Round 1 1 8,Round 0 2 1]
[Round 1 9 14,Round 2 12 15,Round 1 2 1,Round 1 16 15,Round 1 12 8,Round 1 0 17]
[Round 7 1 18,Round 17 5 7,Round 8 6 14]
[Round 0 4 5,Round 1 5 7,Round 4 3 6,Round 0 2 5,Round 6 9 6]
[Round 8 0 6,Round 19 0 4,Round 9 0 4,Round 10 0 9,Round 13 2 9,Round 7 0 3]
[Round 2 8 17,Round 4 5 11,Round 10 8 8,Round 2 9 4,Round 10 4 6]
[Round 1 9 3,Round 3 16 5,Round 3 3 0,Round 1 5 2]
[Round 1 7 10,Round 7 7 5,Round 0 7 9]
[Round 5 9 2,Round 6 11 0,Round 6 6 0]
[Round 14 9 2,Round 4 9 1,Round 9 1 1,Round 0 6 0,Round 9 1 3,Round 2 0 1]
[Round 3 7 6,Round 0 1 5,Round 1 2 6,Round 5 4 1,Round 6 11 2,Round 2 2 1]
[Round 1 5 3,Round 3 6 3,Round 3 4 1,Round 9 6 1,Round 2 1 2]
[Round 4 3 12,Round 2 1 15,Round 7 16 4,Round 3 11 11,Round 10 8 15]
[Round 9 0 0,Round 10 0 2,Round 3 0 0,Round 8 1 2,Round 1 0 2,Round 4 0 1]
[Round 8 5 5,Round 4 5 10,Round 8 10 14,Round 4 1 10,Round 5 17 4]
[Round 11 16 5,Round 11 13 14,Round 0 8 13,Round 3 18 15]
[Round 2 8 4,Round 2 6 2,Round 2 6 6]
[Round 2 16 1,Round 7 10 1,Round 7 14 1,Round 1 1 2,Round 6 13 0,Round 6 10 2]
[Round 0 4 4,Round 5 1 0,Round 1 6 0,Round 5 3 2,Round 4 4 1,Round 6 6 2]
[Round 2 1 5,Round 0 0 5,Round 10 1 1,Round 8 1 3]
[Round 0 7 15,Round 0 12 17,Round 0 11 10,Round 1 9 5,Round 2 11 10]
[Round 2 0 6,Round 2 4 5,Round 2 8 10]
[Round 4 9 3,Round 4 6 0,Round 6 0 0,Round 11 4 0]
[Round 14 12 3,Round 3 5 7,Round 16 2 2]
[Round 16 8 17,Round 4 4 17,Round 8 6 7,Round 17 9 2,Round 11 8 10]
[Round 1 4 10,Round 4 4 6,Round 0 0 11]
[Round 0 5 17,Round 7 4 11,Round 6 2 13,Round 16 12 7,Round 15 3 8,Round 12 12 3]
[Round 3 1 13,Round 10 2 0,Round 5 3 1,Round 0 5 16,Round 0 2 9,Round 5 4 14]
[Round 3 15 2,Round 3 17 0,Round 6 8 1]
[Round 9 8 3,Round 13 0 1,Round 5 6 1,Round 2 0 2,Round 17 6 2]
[Round 10 0 3,Round 0 5 10,Round 4 1 4,Round 6 7 16,Round 0 3 12]
[Round 2 0 12,Round 3 2 2,Round 0 3 8,Round 5 4 8,Round 3 1 2,Round 1 7 2]
[Round 11 6 1,Round 11 6 2,Round 8 5 0]
[Round 9 0 2,Round 0 1 5,Round 10 2 2,Round 10 3 3,Round 3 2 6,Round 1 1 5]
[Round 1 7 0,Round 5 10 1,Round 4 8 0,Round 10 10 0,Round 2 16 0,Round 11 14 1]
[Round 1 5 1,Round 5 6 0,Round 4 3 3,Round 3 5 2,Round 3 0 3]
[Round 17 1 7,Round 1 5 4,Round 10 0 13,Round 17 0 0]
[Round 2 1 0,Round 2 1 10,Round 5 1 7,Round 1 0 7,Round 5 2 9]
[Round 0 8 1,Round 1 14 0,Round 1 10 0]
[Round 0 17 6,Round 0 9 17,Round 1 0 12]
[Round 7 9 4,Round 7 2 0,Round 10 14 3,Round 5 9 6,Round 11 3 2]
[Round 4 11 0,Round 0 14 0,Round 3 3 0,Round 4 3 1,Round 6 15 2,Round 4 15 3]
[Round 5 9 8,Round 6 11 5,Round 7 1 1,Round 4 7 1,Round 5 1 9,Round 5 0 2]
[Round 5 11 19,Round 5 15 18,Round 5 16 10,Round 3 0 19,Round 0 9 8]
[Round 0 12 4,Round 0 11 4,Round 0 6 6,Round 1 2 0,Round 0 11 3,Round 0 6 13]
[Round 1 0 10,Round 0 1 4,Round 0 0 4]
[Round 7 2 6,Round 13 1 12,Round 8 9 9]
[Round 3 7 2,Round 1 0 1,Round 0 5 3,Round 1 4 4]
[Round 6 1 8,Round 3 12 7,Round 7 6 2]
[Round 3 2 0,Round 9 3 4,Round 16 3 3,Round 4 0 1]
[Round 10 2 15,Round 4 14 0,Round 6 14 2]
[Round 11 14 5,Round 15 14 7,Round 0 14 1,Round 7 4 4]
[Round 6 9 6,Round 2 4 6,Round 0 0 3,Round 8 5 8,Round 0 11 17,Round 4 12 11]
[Round 8 6 4,Round 8 2 4,Round 6 1 2,Round 10 1 2,Round 5 0 1,Round 2 1 2]
[Round 9 10 13,Round 4 2 2,Round 11 0 13,Round 2 4 8]
[Round 16 0 0,Round 12 1 4,Round 14 1 9,Round 13 2 12,Round 14 2 10,Round 0 0 11]
[Round 1 19 0,Round 0 6 4,Round 2 12 0]
[Round 3 9 2,Round 5 0 0,Round 1 5 1]
[Round 19 1 0,Round 12 1 1,Round 16 0 6,Round 14 0 7,Round 13 1 11,Round 4 0 16]
[Round 1 1 2,Round 2 8 4,Round 7 7 7]
[Round 0 1 1,Round 1 0 0,Round 1 4 5,Round 1 0 2,Round 0 0 1]
[Round 1 8 0,Round 1 5 3,Round 0 12 0]
[Round 6 8 2,Round 7 0 1,Round 1 9 2,Round 8 13 0,Round 2 12 0,Round 5 7 0]
[Round 10 1 3,Round 13 0 0,Round 13 1 1]
[Round 2 3 14,Round 3 6 16,Round 3 9 3,Round 0 11 4,Round 0 6 2,Round 2 10 11]
[Round 2 5 10,Round 1 16 15,Round 1 11 0,Round 1 16 11,Round 0 18 7]
[Round 0 10 9,Round 0 13 9,Round 1 5 5,Round 1 13 5]
[Round 15 9 11,Round 9 5 11,Round 19 2 11,Round 15 14 5]
[Round 6 4 13,Round 5 4 5,Round 0 2 7]
[Round 8 0 12,Round 6 1 1,Round 7 1 1,Round 6 1 9,Round 3 0 10,Round 1 0 5]
[Round 13 0 9,Round 0 1 8,Round 0 1 9,Round 5 1 3]
[Round 8 14 5,Round 1 5 1,Round 10 17 7,Round 0 6 3,Round 6 4 5,Round 6 4 5]
[Round 14 0 0,Round 20 0 3,Round 15 1 12,Round 16 0 13,Round 13 0 12,Round 20 0 2]
[Round 2 10 2,Round 9 8 1,Round 11 1 4,Round 13 0 1,Round 16 11 3]
[Round 4 5 1,Round 8 10 3,Round 7 11 4,Round 4 11 5,Round 9 9 0,Round 9 6 4]
[Round 2 5 2,Round 2 3 2,Round 2 7 1,Round 1 6 2]
[Round 5 4 1,Round 2 10 2,Round 8 2 1,Round 5 10 0,Round 2 3 2]
[Round 5 15 16,Round 7 4 3,Round 4 8 12,Round 8 4 17]
[Round 13 12 2,Round 7 19 0,Round 3 17 2,Round 11 10 6,Round 6 15 3,Round 11 20 6]
[Round 0 3 2,Round 4 0 1,Round 1 0 0]
[Round 3 5 6,Round 6 5 7,Round 2 1 9,Round 4 1 4]
[Round 9 8 2,Round 7 7 0,Round 6 2 4,Round 2 2 6]
[Round 4 0 11,Round 3 1 14,Round 3 2 8,Round 7 1 3,Round 6 2 8,Round 3 3 9]
[Round 13 5 7,Round 12 6 2,Round 11 3 10,Round 15 4 11,Round 1 8 16,Round 4 5 15]
[Round 1 0 3,Round 0 0 4,Round 0 2 1,Round 1 2 5]
[Round 9 4 3,Round 5 3 6,Round 7 2 4,Round 8 0 4,Round 15 2 0,Round 4 3 5]
[Round 8 4 4,Round 3 4 10,Round 4 10 0,Round 18 2 9,Round 12 4 2]
